# JRE version: OpenJDK Runtime Environment (17.0.11) (build 17.0.11+0--11852314)
# Java VM: OpenJDK 64-Bit Server VM (17.0.11+0--11852314, mixed mode, tiered, compressed oops, compressed class ptrs, g1 gc, windows-amd64)
GC Precious Log:
 CPUs: 8 total, 8 available
 Memory: 3861M
 Large Page Support: Disabled
 NUMA Support: Disabled
 Compressed Oops: Enabled (32-bit)
 Heap Region Size: 1M
 Heap Min Capacity: 8M
 Heap Initial Capacity: 62M
 Heap Max Capacity: 2G
 Pre-touch: Disabled
 Parallel Workers: 8
 Concurrent Workers: 2
 Concurrent Refinement Workers: 8
 Periodic GC: Disabled
Heap:
 garbage-first heap   total 544768K, used 216266K [0x0000000080000000, 0x0000000100000000)
  region size 1024K, 6 young (6144K), 6 survivors (6144K)
 Metaspace       used 179350K, committed 180288K, reserved 1245184K
  class space    used 23414K, committed 23872K, reserved 1048576K
GC Heap History (20 events):
Event: 148.069 GC heap after
{Heap after GC invocations=64 (full 0):
 garbage-first heap   total 544768K, used 187011K [0x0000000080000000, 0x0000000100000000)
  region size 1024K, 20 young (20480K), 20 survivors (20480K)
 Metaspace       used 139084K, committed 139968K, reserved 1179648K
  class space    used 18065K, committed 18496K, reserved 1048576K
}
Event: 148.151 GC heap before
{Heap before GC invocations=64 (full 0):
 garbage-first heap   total 544768K, used 193155K [0x0000000080000000, 0x0000000100000000)
  region size 1024K, 26 young (26624K), 20 survivors (20480K)
 Metaspace       used 139475K, committed 140288K, reserved 1179648K
  class space    used 18117K, committed 18496K, reserved 1048576K
}
Event: 148.201 GC heap after
{Heap after GC invocations=65 (full 0):
 garbage-first heap   total 544768K, used 188266K [0x0000000080000000, 0x0000000100000000)
  region size 1024K, 3 young (3072K), 3 survivors (3072K)
 Metaspace       used 139475K, committed 140288K, reserved 1179648K
  class space    used 18117K, committed 18496K, reserved 1048576K
}
Event: 170.374 GC heap before
{Heap before GC invocations=65 (full 0):
 garbage-first heap   total 544768K, used 448362K [0x0000000080000000, 0x0000000100000000)
  region size 1024K, 256 young (262144K), 3 survivors (3072K)
 Metaspace       used 147925K, committed 148800K, reserved 1179648K
  class space    used 18881K, committed 19264K, reserved 1048576K
}
Event: 170.924 GC heap after
{Heap after GC invocations=66 (full 0):
 garbage-first heap   total 544768K, used 189717K [0x0000000080000000, 0x0000000100000000)
  region size 1024K, 4 young (4096K), 4 survivors (4096K)
 Metaspace       used 147925K, committed 148800K, reserved 1179648K
  class space    used 18881K, committed 19264K, reserved 1048576K
}
Event: 173.701 GC heap before
{Heap before GC invocations=66 (full 0):
 garbage-first heap   total 544768K, used 213269K [0x0000000080000000, 0x0000000100000000)
  region size 1024K, 26 young (26624K), 4 survivors (4096K)
 Metaspace       used 149344K, committed 150208K, reserved 1245184K
  class space    used 19082K, committed 19520K, reserved 1048576K
}
Event: 173.749 GC heap after
{Heap after GC invocations=67 (full 0):
 garbage-first heap   total 544768K, used 191851K [0x0000000080000000, 0x0000000100000000)
  region size 1024K, 3 young (3072K), 3 survivors (3072K)
 Metaspace       used 149344K, committed 150208K, reserved 1245184K
  class space    used 19082K, committed 19520K, reserved 1048576K
}
Event: 175.915 GC heap before
{Heap before GC invocations=68 (full 0):
 garbage-first heap   total 544768K, used 214379K [0x0000000080000000, 0x0000000100000000)
  region size 1024K, 26 young (26624K), 3 survivors (3072K)
 Metaspace       used 150927K, committed 151808K, reserved 1245184K
  class space    used 19428K, committed 19840K, reserved 1048576K
}
Event: 175.919 GC heap after
{Heap after GC invocations=69 (full 0):
 garbage-first heap   total 544768K, used 189881K [0x0000000080000000, 0x0000000100000000)
  region size 1024K, 2 young (2048K), 2 survivors (2048K)
 Metaspace       used 150927K, committed 151808K, reserved 1245184K
  class space    used 19428K, committed 19840K, reserved 1048576K
}
Event: 176.282 GC heap before
{Heap before GC invocations=69 (full 0):
 garbage-first heap   total 544768K, used 214457K [0x0000000080000000, 0x0000000100000000)
  region size 1024K, 26 young (26624K), 2 survivors (2048K)
 Metaspace       used 152677K, committed 153536K, reserved 1245184K
  class space    used 19756K, committed 20160K, reserved 1048576K
}
Event: 176.289 GC heap after
{Heap after GC invocations=70 (full 0):
 garbage-first heap   total 544768K, used 187716K [0x0000000080000000, 0x0000000100000000)
  region size 1024K, 3 young (3072K), 3 survivors (3072K)
 Metaspace       used 152677K, committed 153536K, reserved 1245184K
  class space    used 19756K, committed 20160K, reserved 1048576K
}
Event: 183.626 GC heap before
{Heap before GC invocations=70 (full 0):
 garbage-first heap   total 544768K, used 349508K [0x0000000080000000, 0x0000000100000000)
  region size 1024K, 145 young (148480K), 3 survivors (3072K)
 Metaspace       used 169604K, committed 170560K, reserved 1245184K
  class space    used 21989K, committed 22400K, reserved 1048576K
}
Event: 184.313 GC heap after
{Heap after GC invocations=71 (full 0):
 garbage-first heap   total 544768K, used 207880K [0x0000000080000000, 0x0000000100000000)
  region size 1024K, 15 young (15360K), 15 survivors (15360K)
 Metaspace       used 169604K, committed 170560K, reserved 1245184K
  class space    used 21989K, committed 22400K, reserved 1048576K
}
Event: 185.634 GC heap before
{Heap before GC invocations=71 (full 0):
 garbage-first heap   total 544768K, used 219144K [0x0000000080000000, 0x0000000100000000)
  region size 1024K, 26 young (26624K), 15 survivors (15360K)
 Metaspace       used 170530K, committed 171456K, reserved 1245184K
  class space    used 22135K, committed 22592K, reserved 1048576K
}
Event: 185.840 GC heap after
{Heap after GC invocations=72 (full 0):
 garbage-first heap   total 544768K, used 209829K [0x0000000080000000, 0x0000000100000000)
  region size 1024K, 2 young (2048K), 2 survivors (2048K)
 Metaspace       used 170530K, committed 171456K, reserved 1245184K
  class space    used 22135K, committed 22592K, reserved 1048576K
}
Event: 190.241 GC heap before
{Heap before GC invocations=72 (full 0):
 garbage-first heap   total 544768K, used 281509K [0x0000000080000000, 0x0000000100000000)
  region size 1024K, 72 young (73728K), 2 survivors (2048K)
 Metaspace       used 176946K, committed 177920K, reserved 1245184K
  class space    used 23036K, committed 23488K, reserved 1048576K
}
Event: 190.326 GC heap after
{Heap after GC invocations=73 (full 0):
 garbage-first heap   total 544768K, used 211043K [0x0000000080000000, 0x0000000100000000)
  region size 1024K, 3 young (3072K), 3 survivors (3072K)
 Metaspace       used 176946K, committed 177920K, reserved 1245184K
  class space    used 23036K, committed 23488K, reserved 1048576K
}
Event: 193.392 GC heap before
{Heap before GC invocations=73 (full 0):
 garbage-first heap   total 544768K, used 302179K [0x0000000080000000, 0x0000000100000000)
  region size 1024K, 90 young (92160K), 3 survivors (3072K)
 Metaspace       used 179350K, committed 180288K, reserved 1245184K
  class space    used 23414K, committed 23872K, reserved 1048576K
}
Event: 193.558 GC heap after
{Heap after GC invocations=74 (full 0):
 garbage-first heap   total 544768K, used 214961K [0x0000000080000000, 0x0000000100000000)
  region size 1024K, 5 young (5120K), 5 survivors (5120K)
 Metaspace       used 179350K, committed 180288K, reserved 1245184K
  class space    used 23414K, committed 23872K, reserved 1048576K
}
Event: 194.662 GC heap before
{Heap before GC invocations=74 (full 0):
 garbage-first heap   total 544768K, used 305073K [0x0000000080000000, 0x0000000100000000)
  region size 1024K, 93 young (95232K), 5 survivors (5120K)
 Metaspace       used 179350K, committed 180288K, reserved 1245184K
  class space    used 23414K, committed 23872K, reserved 1048576K
}

