# JRE version: OpenJDK Runtime Environment (17.0.11) (build 17.0.11+0--11852314)
# Java VM: OpenJDK 64-Bit Server VM (17.0.11+0--11852314, mixed mode, tiered, compressed oops, compressed class ptrs, g1 gc, windows-amd64)
GC Precious Log:
 CPUs: 8 total, 8 available
 Memory: 3861M
 Large Page Support: Disabled
 NUMA Support: Disabled
 Compressed Oops: Enabled (32-bit)
 Heap Region Size: 1M
 Heap Min Capacity: 8M
 Heap Initial Capacity: 62M
 Heap Max Capacity: 2G
 Pre-touch: Disabled
 Parallel Workers: 8
 Concurrent Workers: 2
 Concurrent Refinement Workers: 8
 Periodic GC: Disabled
Heap:
 garbage-first heap   total 278528K, used 163661K [0x0000000080000000, 0x0000000100000000)
  region size 1024K, 8 young (8192K), 8 survivors (8192K)
 Metaspace       used 60294K, committed 60864K, reserved 1114112K
  class space    used 8196K, committed 8448K, reserved 1048576K
GC Heap History (20 events):
Event: 24.439 GC heap after
{Heap after GC invocations=55 (full 0):
 garbage-first heap   total 266240K, used 62444K [0x0000000080000000, 0x0000000100000000)
  region size 1024K, 2 young (2048K), 2 survivors (2048K)
 Metaspace       used 53750K, committed 54336K, reserved 1114112K
  class space    used 7301K, committed 7552K, reserved 1048576K
}
Event: 27.754 GC heap before
{Heap before GC invocations=56 (full 0):
 garbage-first heap   total 239616K, used 203756K [0x0000000080000000, 0x0000000100000000)
  region size 1024K, 140 young (143360K), 2 survivors (2048K)
 Metaspace       used 53755K, committed 54336K, reserved 1114112K
  class space    used 7301K, committed 7552K, reserved 1048576K
}
Event: 27.807 GC heap after
{Heap after GC invocations=57 (full 0):
 garbage-first heap   total 239616K, used 63582K [0x0000000080000000, 0x0000000100000000)
  region size 1024K, 3 young (3072K), 3 survivors (3072K)
 Metaspace       used 53755K, committed 54336K, reserved 1114112K
  class space    used 7301K, committed 7552K, reserved 1048576K
}
Event: 28.057 GC heap before
{Heap before GC invocations=57 (full 0):
 garbage-first heap   total 239616K, used 71774K [0x0000000080000000, 0x0000000100000000)
  region size 1024K, 11 young (11264K), 3 survivors (3072K)
 Metaspace       used 53755K, committed 54336K, reserved 1114112K
  class space    used 7301K, committed 7552K, reserved 1048576K
}
Event: 28.080 GC heap after
{Heap after GC invocations=58 (full 0):
 garbage-first heap   total 239616K, used 63158K [0x0000000080000000, 0x0000000100000000)
  region size 1024K, 1 young (1024K), 1 survivors (1024K)
 Metaspace       used 53755K, committed 54336K, reserved 1114112K
  class space    used 7301K, committed 7552K, reserved 1048576K
}
Event: 40.810 GC heap before
{Heap before GC invocations=58 (full 0):
 garbage-first heap   total 239616K, used 208566K [0x0000000080000000, 0x0000000100000000)
  region size 1024K, 140 young (143360K), 1 survivors (1024K)
 Metaspace       used 54003K, committed 54528K, reserved 1114112K
  class space    used 7344K, committed 7616K, reserved 1048576K
}
Event: 40.825 GC heap after
{Heap after GC invocations=59 (full 0):
 garbage-first heap   total 239616K, used 64396K [0x0000000080000000, 0x0000000100000000)
  region size 1024K, 2 young (2048K), 2 survivors (2048K)
 Metaspace       used 54003K, committed 54528K, reserved 1114112K
  class space    used 7344K, committed 7616K, reserved 1048576K
}
Event: 41.721 GC heap before
{Heap before GC invocations=59 (full 0):
 garbage-first heap   total 239616K, used 208780K [0x0000000080000000, 0x0000000100000000)
  region size 1024K, 140 young (143360K), 2 survivors (2048K)
 Metaspace       used 55608K, committed 56128K, reserved 1114112K
  class space    used 7644K, committed 7872K, reserved 1048576K
}
Event: 41.725 GC heap after
{Heap after GC invocations=60 (full 0):
 garbage-first heap   total 239616K, used 63803K [0x0000000080000000, 0x0000000100000000)
  region size 1024K, 1 young (1024K), 1 survivors (1024K)
 Metaspace       used 55608K, committed 56128K, reserved 1114112K
  class space    used 7644K, committed 7872K, reserved 1048576K
}
Event: 42.913 GC heap before
{Heap before GC invocations=60 (full 0):
 garbage-first heap   total 239616K, used 206139K [0x0000000080000000, 0x0000000100000000)
  region size 1024K, 140 young (143360K), 1 survivors (1024K)
 Metaspace       used 59680K, committed 60224K, reserved 1114112K
  class space    used 8131K, committed 8384K, reserved 1048576K
}
Event: 42.933 GC heap after
{Heap after GC invocations=61 (full 0):
 garbage-first heap   total 239616K, used 69576K [0x0000000080000000, 0x0000000100000000)
  region size 1024K, 7 young (7168K), 7 survivors (7168K)
 Metaspace       used 59680K, committed 60224K, reserved 1114112K
  class space    used 8131K, committed 8384K, reserved 1048576K
}
Event: 43.706 GC heap before
{Heap before GC invocations=61 (full 0):
 garbage-first heap   total 239616K, used 208840K [0x0000000080000000, 0x0000000100000000)
  region size 1024K, 139 young (142336K), 7 survivors (7168K)
 Metaspace       used 60083K, committed 60672K, reserved 1114112K
  class space    used 8187K, committed 8448K, reserved 1048576K
}
Event: 43.719 GC heap after
{Heap after GC invocations=62 (full 0):
 garbage-first heap   total 239616K, used 80665K [0x0000000080000000, 0x0000000100000000)
  region size 1024K, 13 young (13312K), 13 survivors (13312K)
 Metaspace       used 60083K, committed 60672K, reserved 1114112K
  class space    used 8187K, committed 8448K, reserved 1048576K
}
Event: 43.982 GC heap before
{Heap before GC invocations=62 (full 0):
 garbage-first heap   total 239616K, used 200473K [0x0000000080000000, 0x0000000100000000)
  region size 1024K, 130 young (133120K), 13 survivors (13312K)
 Metaspace       used 60083K, committed 60672K, reserved 1114112K
  class space    used 8187K, committed 8448K, reserved 1048576K
}
Event: 44.042 GC heap after
{Heap after GC invocations=63 (full 0):
 garbage-first heap   total 239616K, used 87124K [0x0000000080000000, 0x0000000100000000)
  region size 1024K, 13 young (13312K), 13 survivors (13312K)
 Metaspace       used 60083K, committed 60672K, reserved 1114112K
  class space    used 8187K, committed 8448K, reserved 1048576K
}
Event: 44.390 GC heap before
{Heap before GC invocations=63 (full 0):
 garbage-first heap   total 239616K, used 201812K [0x0000000080000000, 0x0000000100000000)
  region size 1024K, 124 young (126976K), 13 survivors (13312K)
 Metaspace       used 60086K, committed 60672K, reserved 1114112K
  class space    used 8187K, committed 8448K, reserved 1048576K
}
Event: 44.415 GC heap after
{Heap after GC invocations=64 (full 0):
 garbage-first heap   total 239616K, used 98712K [0x0000000080000000, 0x0000000100000000)
  region size 1024K, 16 young (16384K), 16 survivors (16384K)
 Metaspace       used 60086K, committed 60672K, reserved 1114112K
  class space    used 8187K, committed 8448K, reserved 1048576K
}
Event: 44.774 GC heap before
{Heap before GC invocations=64 (full 0):
 garbage-first heap   total 239616K, used 194968K [0x0000000080000000, 0x0000000100000000)
  region size 1024K, 107 young (109568K), 16 survivors (16384K)
 Metaspace       used 60209K, committed 60736K, reserved 1114112K
  class space    used 8194K, committed 8448K, reserved 1048576K
}
Event: 44.829 GC heap after
{Heap after GC invocations=65 (full 0):
 garbage-first heap   total 251904K, used 142157K [0x0000000080000000, 0x0000000100000000)
  region size 1024K, 14 young (14336K), 14 survivors (14336K)
 Metaspace       used 60209K, committed 60736K, reserved 1114112K
  class space    used 8194K, committed 8448K, reserved 1048576K
}
Event: 44.969 GC heap before
{Heap before GC invocations=65 (full 0):
 garbage-first heap   total 251904K, used 191309K [0x0000000080000000, 0x0000000100000000)
  region size 1024K, 63 young (64512K), 14 survivors (14336K)
 Metaspace       used 60294K, committed 60864K, reserved 1114112K
  class space    used 8196K, committed 8448K, reserved 1048576K
}

