# JRE version: OpenJDK Runtime Environment (17.0.11) (build 17.0.11+0--11852314)
# Java VM: OpenJDK 64-Bit Server VM (17.0.11+0--11852314, mixed mode, tiered, compressed oops, compressed class ptrs, g1 gc, windows-amd64)
GC Precious Log:
 CPUs: 8 total, 8 available
 Memory: 3861M
 Large Page Support: Disabled
 NUMA Support: Disabled
 Compressed Oops: Enabled (32-bit)
 Heap Region Size: 1M
 Heap Min Capacity: 8M
 Heap Initial Capacity: 62M
 Heap Max Capacity: 2G
 Pre-touch: Disabled
 Parallel Workers: 8
 Concurrent Workers: 2
 Concurrent Refinement Workers: 8
 Periodic GC: Disabled
Heap:
 garbage-first heap   total 448512K, used 105333K [0x0000000080000000, 0x0000000100000000)
  region size 1024K, 3 young (3072K), 3 survivors (3072K)
 Metaspace       used 68896K, committed 69568K, reserved 1114112K
  class space    used 9393K, committed 9664K, reserved 1048576K
GC Heap History (20 events):
Event: 28.745 GC heap after
{Heap after GC invocations=57 (full 0):
 garbage-first heap   total 160768K, used 89013K [0x0000000080000000, 0x0000000100000000)
  region size 1024K, 4 young (4096K), 4 survivors (4096K)
 Metaspace       used 68696K, committed 69376K, reserved 1114112K
  class space    used 9385K, committed 9664K, reserved 1048576K
}
Event: 29.049 GC heap before
{Heap before GC invocations=57 (full 0):
 garbage-first heap   total 160768K, used 130997K [0x0000000080000000, 0x0000000100000000)
  region size 1024K, 45 young (46080K), 4 survivors (4096K)
 Metaspace       used 68711K, committed 69376K, reserved 1114112K
  class space    used 9385K, committed 9664K, reserved 1048576K
}
Event: 29.063 GC heap after
{Heap after GC invocations=58 (full 0):
 garbage-first heap   total 160768K, used 91178K [0x0000000080000000, 0x0000000100000000)
  region size 1024K, 6 young (6144K), 6 survivors (6144K)
 Metaspace       used 68711K, committed 69376K, reserved 1114112K
  class space    used 9385K, committed 9664K, reserved 1048576K
}
Event: 29.891 GC heap before
{Heap before GC invocations=59 (full 0):
 garbage-first heap   total 179200K, used 132138K [0x0000000080000000, 0x0000000100000000)
  region size 1024K, 46 young (47104K), 6 survivors (6144K)
 Metaspace       used 68728K, committed 69376K, reserved 1114112K
  class space    used 9385K, committed 9664K, reserved 1048576K
}
Event: 29.946 GC heap after
{Heap after GC invocations=60 (full 0):
 garbage-first heap   total 179200K, used 91560K [0x0000000080000000, 0x0000000100000000)
  region size 1024K, 4 young (4096K), 4 survivors (4096K)
 Metaspace       used 68728K, committed 69376K, reserved 1114112K
  class space    used 9385K, committed 9664K, reserved 1048576K
}
Event: 30.292 GC heap before
{Heap before GC invocations=60 (full 0):
 garbage-first heap   total 179200K, used 146856K [0x0000000080000000, 0x0000000100000000)
  region size 1024K, 59 young (60416K), 4 survivors (4096K)
 Metaspace       used 68743K, committed 69376K, reserved 1114112K
  class space    used 9385K, committed 9664K, reserved 1048576K
}
Event: 30.330 GC heap after
{Heap after GC invocations=61 (full 0):
 garbage-first heap   total 448512K, used 94076K [0x0000000080000000, 0x0000000100000000)
  region size 1024K, 7 young (7168K), 7 survivors (7168K)
 Metaspace       used 68743K, committed 69376K, reserved 1114112K
  class space    used 9385K, committed 9664K, reserved 1048576K
}
Event: 37.352 GC heap before
{Heap before GC invocations=62 (full 0):
 garbage-first heap   total 348160K, used 312188K [0x0000000080000000, 0x0000000100000000)
  region size 1024K, 221 young (226304K), 7 survivors (7168K)
 Metaspace       used 68812K, committed 69504K, reserved 1114112K
  class space    used 9389K, committed 9664K, reserved 1048576K
}
Event: 37.495 GC heap after
{Heap after GC invocations=63 (full 0):
 garbage-first heap   total 348160K, used 101528K [0x0000000080000000, 0x0000000100000000)
  region size 1024K, 14 young (14336K), 14 survivors (14336K)
 Metaspace       used 68812K, committed 69504K, reserved 1114112K
  class space    used 9389K, committed 9664K, reserved 1048576K
}
Event: 37.672 GC heap before
{Heap before GC invocations=63 (full 0):
 garbage-first heap   total 348160K, used 104600K [0x0000000080000000, 0x0000000100000000)
  region size 1024K, 17 young (17408K), 14 survivors (14336K)
 Metaspace       used 68812K, committed 69504K, reserved 1114112K
  class space    used 9389K, committed 9664K, reserved 1048576K
}
Event: 38.217 GC heap after
{Heap after GC invocations=64 (full 0):
 garbage-first heap   total 348160K, used 102725K [0x0000000080000000, 0x0000000100000000)
  region size 1024K, 2 young (2048K), 2 survivors (2048K)
 Metaspace       used 68812K, committed 69504K, reserved 1114112K
  class space    used 9389K, committed 9664K, reserved 1048576K
}
Event: 39.350 GC heap before
{Heap before GC invocations=64 (full 0):
 garbage-first heap   total 348160K, used 175429K [0x0000000080000000, 0x0000000100000000)
  region size 1024K, 72 young (73728K), 2 survivors (2048K)
 Metaspace       used 68831K, committed 69504K, reserved 1114112K
  class space    used 9391K, committed 9664K, reserved 1048576K
}
Event: 39.359 GC heap after
{Heap after GC invocations=65 (full 0):
 garbage-first heap   total 348160K, used 103114K [0x0000000080000000, 0x0000000100000000)
  region size 1024K, 2 young (2048K), 2 survivors (2048K)
 Metaspace       used 68831K, committed 69504K, reserved 1114112K
  class space    used 9391K, committed 9664K, reserved 1048576K
}
Event: 40.505 GC heap before
{Heap before GC invocations=65 (full 0):
 garbage-first heap   total 348160K, used 238282K [0x0000000080000000, 0x0000000100000000)
  region size 1024K, 135 young (138240K), 2 survivors (2048K)
 Metaspace       used 68845K, committed 69504K, reserved 1114112K
  class space    used 9393K, committed 9664K, reserved 1048576K
}
Event: 40.574 GC heap after
{Heap after GC invocations=66 (full 0):
 garbage-first heap   total 348160K, used 103321K [0x0000000080000000, 0x0000000100000000)
  region size 1024K, 2 young (2048K), 2 survivors (2048K)
 Metaspace       used 68845K, committed 69504K, reserved 1114112K
  class space    used 9393K, committed 9664K, reserved 1048576K
}
Event: 42.603 GC heap before
{Heap before GC invocations=66 (full 0):
 garbage-first heap   total 348160K, used 293785K [0x0000000080000000, 0x0000000100000000)
  region size 1024K, 188 young (192512K), 2 survivors (2048K)
 Metaspace       used 68885K, committed 69568K, reserved 1114112K
  class space    used 9393K, committed 9664K, reserved 1048576K
}
Event: 42.885 GC heap after
{Heap after GC invocations=67 (full 0):
 garbage-first heap   total 348160K, used 104512K [0x0000000080000000, 0x0000000100000000)
  region size 1024K, 3 young (3072K), 3 survivors (3072K)
 Metaspace       used 68885K, committed 69568K, reserved 1114112K
  class space    used 9393K, committed 9664K, reserved 1048576K
}
Event: 43.695 GC heap before
{Heap before GC invocations=67 (full 0):
 garbage-first heap   total 348160K, used 129088K [0x0000000080000000, 0x0000000100000000)
  region size 1024K, 28 young (28672K), 3 survivors (3072K)
 Metaspace       used 68886K, committed 69568K, reserved 1114112K
  class space    used 9393K, committed 9664K, reserved 1048576K
}
Event: 43.834 GC heap after
{Heap after GC invocations=68 (full 0):
 garbage-first heap   total 348160K, used 104821K [0x0000000080000000, 0x0000000100000000)
  region size 1024K, 2 young (2048K), 2 survivors (2048K)
 Metaspace       used 68886K, committed 69568K, reserved 1114112K
  class space    used 9393K, committed 9664K, reserved 1048576K
}
Event: 44.745 GC heap before
{Heap before GC invocations=68 (full 0):
 garbage-first heap   total 348160K, used 177525K [0x0000000080000000, 0x0000000100000000)
  region size 1024K, 74 young (75776K), 2 survivors (2048K)
 Metaspace       used 68896K, committed 69568K, reserved 1114112K
  class space    used 9393K, committed 9664K, reserved 1048576K
}

