# JRE version: OpenJDK Runtime Environment (17.0.11) (build 17.0.11+0--11852314)
# Java VM: OpenJDK 64-Bit Server VM (17.0.11+0--11852314, mixed mode, tiered, compressed oops, compressed class ptrs, g1 gc, windows-amd64)
GC Precious Log:
 CPUs: 8 total, 8 available
 Memory: 3861M
 Large Page Support: Disabled
 NUMA Support: Disabled
 Compressed Oops: Enabled (32-bit)
 Heap Region Size: 1M
 Heap Min Capacity: 8M
 Heap Initial Capacity: 62M
 Heap Max Capacity: 2G
 Pre-touch: Disabled
 Parallel Workers: 8
 Concurrent Workers: 2
 Concurrent Refinement Workers: 8
 Periodic GC: Disabled
Heap:
 garbage-first heap   total 391168K, used 142470K [0x0000000080000000, 0x0000000100000000)
  region size 1024K, 64 young (65536K), 1 survivors (1024K)
 Metaspace       used 59455K, committed 59968K, reserved 1114112K
  class space    used 8099K, committed 8320K, reserved 1048576K
GC Heap History (20 events):
Event: 45.960 GC heap before
{Heap before GC invocations=26 (full 0):
 garbage-first heap   total 108544K, used 90534K [0x0000000080000000, 0x0000000100000000)
  region size 1024K, 33 young (33792K), 3 survivors (3072K)
 Metaspace       used 58175K, committed 58688K, reserved 1114112K
  class space    used 7981K, committed 8256K, reserved 1048576K
}
Event: 45.963 GC heap after
{Heap after GC invocations=27 (full 0):
 garbage-first heap   total 108544K, used 61335K [0x0000000080000000, 0x0000000100000000)
  region size 1024K, 4 young (4096K), 4 survivors (4096K)
 Metaspace       used 58175K, committed 58688K, reserved 1114112K
  class space    used 7981K, committed 8256K, reserved 1048576K
}
Event: 46.322 GC heap before
{Heap before GC invocations=28 (full 0):
 garbage-first heap   total 109568K, used 91031K [0x0000000080000000, 0x0000000100000000)
  region size 1024K, 33 young (33792K), 4 survivors (4096K)
 Metaspace       used 58164K, committed 58688K, reserved 1114112K
  class space    used 7978K, committed 8256K, reserved 1048576K
}
Event: 46.325 GC heap after
{Heap after GC invocations=29 (full 0):
 garbage-first heap   total 109568K, used 63028K [0x0000000080000000, 0x0000000100000000)
  region size 1024K, 4 young (4096K), 4 survivors (4096K)
 Metaspace       used 58164K, committed 58688K, reserved 1114112K
  class space    used 7978K, committed 8256K, reserved 1048576K
}
Event: 46.614 GC heap before
{Heap before GC invocations=29 (full 0):
 garbage-first heap   total 109568K, used 91700K [0x0000000080000000, 0x0000000100000000)
  region size 1024K, 32 young (32768K), 4 survivors (4096K)
 Metaspace       used 58164K, committed 58688K, reserved 1114112K
  class space    used 7978K, committed 8256K, reserved 1048576K
}
Event: 46.617 GC heap after
{Heap after GC invocations=30 (full 0):
 garbage-first heap   total 109568K, used 64286K [0x0000000080000000, 0x0000000100000000)
  region size 1024K, 3 young (3072K), 3 survivors (3072K)
 Metaspace       used 58164K, committed 58688K, reserved 1114112K
  class space    used 7978K, committed 8256K, reserved 1048576K
}
Event: 47.023 GC heap before
{Heap before GC invocations=31 (full 0):
 garbage-first heap   total 112640K, used 92958K [0x0000000080000000, 0x0000000100000000)
  region size 1024K, 31 young (31744K), 3 survivors (3072K)
 Metaspace       used 58166K, committed 58688K, reserved 1114112K
  class space    used 7979K, committed 8256K, reserved 1048576K
}
Event: 47.028 GC heap after
{Heap after GC invocations=32 (full 0):
 garbage-first heap   total 112640K, used 65712K [0x0000000080000000, 0x0000000100000000)
  region size 1024K, 3 young (3072K), 3 survivors (3072K)
 Metaspace       used 58166K, committed 58688K, reserved 1114112K
  class space    used 7979K, committed 8256K, reserved 1048576K
}
Event: 47.351 GC heap before
{Heap before GC invocations=32 (full 0):
 garbage-first heap   total 112640K, used 96432K [0x0000000080000000, 0x0000000100000000)
  region size 1024K, 33 young (33792K), 3 survivors (3072K)
 Metaspace       used 58407K, committed 58944K, reserved 1114112K
  class space    used 8011K, committed 8256K, reserved 1048576K
}
Event: 47.357 GC heap after
{Heap after GC invocations=33 (full 0):
 garbage-first heap   total 135168K, used 65685K [0x0000000080000000, 0x0000000100000000)
  region size 1024K, 5 young (5120K), 5 survivors (5120K)
 Metaspace       used 58407K, committed 58944K, reserved 1114112K
  class space    used 8011K, committed 8256K, reserved 1048576K
}
Event: 47.523 GC heap before
{Heap before GC invocations=34 (full 0):
 garbage-first heap   total 135168K, used 111765K [0x0000000080000000, 0x0000000100000000)
  region size 1024K, 50 young (51200K), 5 survivors (5120K)
 Metaspace       used 58445K, committed 58944K, reserved 1114112K
  class space    used 8013K, committed 8256K, reserved 1048576K
}
Event: 47.545 GC heap after
{Heap after GC invocations=35 (full 0):
 garbage-first heap   total 135168K, used 75834K [0x0000000080000000, 0x0000000100000000)
  region size 1024K, 7 young (7168K), 7 survivors (7168K)
 Metaspace       used 58445K, committed 58944K, reserved 1114112K
  class space    used 8013K, committed 8256K, reserved 1048576K
}
Event: 47.548 GC heap before
{Heap before GC invocations=35 (full 0):
 garbage-first heap   total 135168K, used 76858K [0x0000000080000000, 0x0000000100000000)
  region size 1024K, 8 young (8192K), 7 survivors (7168K)
 Metaspace       used 58445K, committed 58944K, reserved 1114112K
  class space    used 8013K, committed 8256K, reserved 1048576K
}
Event: 47.560 GC heap after
{Heap after GC invocations=36 (full 0):
 garbage-first heap   total 135168K, used 76946K [0x0000000080000000, 0x0000000100000000)
  region size 1024K, 1 young (1024K), 1 survivors (1024K)
 Metaspace       used 58445K, committed 58944K, reserved 1114112K
  class space    used 8013K, committed 8256K, reserved 1048576K
}
Event: 47.790 GC heap before
{Heap before GC invocations=36 (full 0):
 garbage-first heap   total 135168K, used 92306K [0x0000000080000000, 0x0000000100000000)
  region size 1024K, 18 young (18432K), 1 survivors (1024K)
 Metaspace       used 58664K, committed 59200K, reserved 1114112K
  class space    used 8039K, committed 8256K, reserved 1048576K
}
Event: 47.793 GC heap after
{Heap after GC invocations=37 (full 0):
 garbage-first heap   total 135168K, used 78523K [0x0000000080000000, 0x0000000100000000)
  region size 1024K, 3 young (3072K), 3 survivors (3072K)
 Metaspace       used 58664K, committed 59200K, reserved 1114112K
  class space    used 8039K, committed 8256K, reserved 1048576K
}
Event: 48.040 GC heap before
{Heap before GC invocations=38 (full 0):
 garbage-first heap   total 142336K, used 113339K [0x0000000080000000, 0x0000000100000000)
  region size 1024K, 33 young (33792K), 3 survivors (3072K)
 Metaspace       used 59302K, committed 59840K, reserved 1114112K
  class space    used 8096K, committed 8320K, reserved 1048576K
}
Event: 48.043 GC heap after
{Heap after GC invocations=39 (full 0):
 garbage-first heap   total 142336K, used 81196K [0x0000000080000000, 0x0000000100000000)
  region size 1024K, 4 young (4096K), 4 survivors (4096K)
 Metaspace       used 59302K, committed 59840K, reserved 1114112K
  class space    used 8096K, committed 8320K, reserved 1048576K
}
Event: 48.050 GC heap before
{Heap before GC invocations=39 (full 0):
 garbage-first heap   total 142336K, used 82220K [0x0000000080000000, 0x0000000100000000)
  region size 1024K, 6 young (6144K), 4 survivors (4096K)
 Metaspace       used 59312K, committed 59840K, reserved 1114112K
  class space    used 8096K, committed 8320K, reserved 1048576K
}
Event: 48.056 GC heap after
{Heap after GC invocations=40 (full 0):
 garbage-first heap   total 391168K, used 78982K [0x0000000080000000, 0x0000000100000000)
  region size 1024K, 1 young (1024K), 1 survivors (1024K)
 Metaspace       used 59312K, committed 59840K, reserved 1114112K
  class space    used 8096K, committed 8320K, reserved 1048576K
}

